<?xml version="1.0" encoding="UTF-8"?>
<!-- Generated by org.testng.reporters.JUnitXMLReporter -->
<testsuite ignored="0" hostname="DESKTOP-JCSH58D" failures="0" tests="4" name="EdgeTest" time="40.692" errors="0" timestamp="2025-06-03T20:57:02 IST">
  <testcase classname="tests.TC_002_LoginTest" name="loginTest" time="2.842"/>
  <testcase classname="tests.TC_002_LoginTest" name="loginTest" time="2.069"/>
  <testcase classname="tests.TC_002_LoginTest" name="loginTest" time="2.216"/>
  <testcase classname="tests.TC_002_LoginTest" name="loginTest" time="2.292"/>
</testsuite> <!-- EdgeTest -->
