<?xml version="1.0" encoding="UTF-8"?>
<!-- Generated by org.testng.reporters.JUnitXMLReporter -->
<testsuite ignored="0" hostname="DESKTOP-JCSH58D" failures="0" tests="4" name="EdgeTest" time="46.465" errors="0" timestamp="2025-06-04T19:34:30 IST">
  <testcase classname="tests.TC_002_LoginTest" name="loginTest" time="2.886"/>
  <testcase classname="tests.TC_002_LoginTest" name="loginTest" time="2.077"/>
  <testcase classname="tests.TC_002_LoginTest" name="loginTest" time="2.181"/>
  <testcase classname="tests.TC_002_LoginTest" name="loginTest" time="2.053"/>
</testsuite> <!-- EdgeTest -->
