<?xml version="1.0" encoding="UTF-8"?>
<testng-results ignored="0" total="4" passed="4" failed="0" skipped="0">
  <reporter-output>
  </reporter-output>
  <suite started-at="2025-06-04T19:33:44 IST" name="Suite" finished-at="2025-06-04T19:34:30 IST" duration-ms="46650">
    <groups>
    </groups>
    <test started-at="2025-06-04T19:33:44 IST" name="ChromeTest" finished-at="2025-06-04T19:33:44 IST" duration-ms="26">
    </test> <!-- ChromeTest -->
    <test started-at="2025-06-04T19:33:44 IST" name="EdgeTest" finished-at="2025-06-04T19:34:30 IST" duration-ms="46465">
      <class name="tests.TC_002_LoginTest">
        <test-method is-config="true" signature="createReport()[pri:0, instance:tests.TC_002_LoginTest@145f66e3]" started-at="2025-06-04T19:33:43 IST" name="createReport" finished-at="2025-06-04T19:33:44 IST" duration-ms="753" status="PASS">
          <reporter-output>
          </reporter-output>
        </test-method> <!-- createReport -->
        <test-method is-config="true" signature="setup()[pri:0, instance:tests.TC_002_LoginTest@145f66e3]" started-at="2025-06-04T19:33:44 IST" name="setup" finished-at="2025-06-04T19:33:44 IST" duration-ms="4" status="PASS">
          <reporter-output>
          </reporter-output>
        </test-method> <!-- setup -->
        <test-method is-config="true" signature="testDeatils()[pri:0, instance:tests.TC_002_LoginTest@145f66e3]" started-at="2025-06-04T19:33:44 IST" name="testDeatils" finished-at="2025-06-04T19:33:44 IST" duration-ms="23" status="PASS">
          <reporter-output>
          </reporter-output>
        </test-method> <!-- testDeatils -->
        <test-method is-config="true" signature="browserLaunchAndUrlLoad(java.lang.String,java.lang.String)[pri:0, instance:tests.TC_002_LoginTest@145f66e3]" started-at="2025-06-04T19:33:46 IST" name="browserLaunchAndUrlLoad" finished-at="2025-06-04T19:33:58 IST" duration-ms="11715" status="PASS">
          <params>
            <param index="0">
              <value>
                <![CDATA[chrome]]>
              </value>
            </param>
            <param index="1">
              <value>
                <![CDATA[https://demowebshop.tricentis.com/]]>
              </value>
            </param>
          </params>
          <reporter-output>
          </reporter-output>
        </test-method> <!-- browserLaunchAndUrlLoad -->
        <test-method signature="loginTest(java.lang.String,java.lang.String,java.lang.String,java.lang.String)[pri:0, instance:tests.TC_002_LoginTest@145f66e3]" started-at="2025-06-04T19:33:58 IST" name="loginTest" data-provider="readData" finished-at="2025-06-04T19:34:01 IST" duration-ms="2886" status="PASS">
          <params>
            <param index="0">
              <value>
                <![CDATA[testdemouser789@gmail.com]]>
              </value>
            </param>
            <param index="1">
              <value>
                <![CDATA[demouser123]]>
              </value>
            </param>
            <param index="2">
              <value>
                <![CDATA[testdemouser789@gmail.com]]>
              </value>
            </param>
            <param index="3">
              <value>
                <![CDATA[ValidEmailValidPassword]]>
              </value>
            </param>
          </params>
          <reporter-output>
          </reporter-output>
        </test-method> <!-- loginTest -->
        <test-method is-config="true" signature="closeBrowser()[pri:0, instance:tests.TC_002_LoginTest@145f66e3]" started-at="2025-06-04T19:34:01 IST" name="closeBrowser" finished-at="2025-06-04T19:34:02 IST" duration-ms="357" status="PASS">
          <reporter-output>
          </reporter-output>
        </test-method> <!-- closeBrowser -->
        <test-method is-config="true" signature="browserLaunchAndUrlLoad(java.lang.String,java.lang.String)[pri:0, instance:tests.TC_002_LoginTest@145f66e3]" started-at="2025-06-04T19:34:02 IST" name="browserLaunchAndUrlLoad" finished-at="2025-06-04T19:34:08 IST" duration-ms="6765" status="PASS">
          <params>
            <param index="0">
              <value>
                <![CDATA[chrome]]>
              </value>
            </param>
            <param index="1">
              <value>
                <![CDATA[https://demowebshop.tricentis.com/]]>
              </value>
            </param>
          </params>
          <reporter-output>
          </reporter-output>
        </test-method> <!-- browserLaunchAndUrlLoad -->
        <test-method signature="loginTest(java.lang.String,java.lang.String,java.lang.String,java.lang.String)[pri:0, instance:tests.TC_002_LoginTest@145f66e3]" started-at="2025-06-04T19:34:08 IST" name="loginTest" data-provider="readData" finished-at="2025-06-04T19:34:10 IST" duration-ms="2077" status="PASS">
          <params>
            <param index="0">
              <value>
                <![CDATA[testdemouser790@gmail.com]]>
              </value>
            </param>
            <param index="1">
              <value>
                <![CDATA[demouser123]]>
              </value>
            </param>
            <param index="2">
              <value>
                <![CDATA[No customer account found]]>
              </value>
            </param>
            <param index="3">
              <value>
                <![CDATA[InvalidEmailValidPassword]]>
              </value>
            </param>
          </params>
          <reporter-output>
          </reporter-output>
        </test-method> <!-- loginTest -->
        <test-method is-config="true" signature="closeBrowser()[pri:0, instance:tests.TC_002_LoginTest@145f66e3]" started-at="2025-06-04T19:34:11 IST" name="closeBrowser" finished-at="2025-06-04T19:34:11 IST" duration-ms="334" status="PASS">
          <reporter-output>
          </reporter-output>
        </test-method> <!-- closeBrowser -->
        <test-method is-config="true" signature="browserLaunchAndUrlLoad(java.lang.String,java.lang.String)[pri:0, instance:tests.TC_002_LoginTest@145f66e3]" started-at="2025-06-04T19:34:11 IST" name="browserLaunchAndUrlLoad" finished-at="2025-06-04T19:34:18 IST" duration-ms="7067" status="PASS">
          <params>
            <param index="0">
              <value>
                <![CDATA[chrome]]>
              </value>
            </param>
            <param index="1">
              <value>
                <![CDATA[https://demowebshop.tricentis.com/]]>
              </value>
            </param>
          </params>
          <reporter-output>
          </reporter-output>
        </test-method> <!-- browserLaunchAndUrlLoad -->
        <test-method signature="loginTest(java.lang.String,java.lang.String,java.lang.String,java.lang.String)[pri:0, instance:tests.TC_002_LoginTest@145f66e3]" started-at="2025-06-04T19:34:18 IST" name="loginTest" data-provider="readData" finished-at="2025-06-04T19:34:20 IST" duration-ms="2181" status="PASS">
          <params>
            <param index="0">
              <value>
                <![CDATA[testdemouser789@gmail.com]]>
              </value>
            </param>
            <param index="1">
              <value>
                <![CDATA[demouser125]]>
              </value>
            </param>
            <param index="2">
              <value>
                <![CDATA[The credentials provided are incorrect]]>
              </value>
            </param>
            <param index="3">
              <value>
                <![CDATA[ValidEmailInvalidPassword]]>
              </value>
            </param>
          </params>
          <reporter-output>
          </reporter-output>
        </test-method> <!-- loginTest -->
        <test-method is-config="true" signature="closeBrowser()[pri:0, instance:tests.TC_002_LoginTest@145f66e3]" started-at="2025-06-04T19:34:20 IST" name="closeBrowser" finished-at="2025-06-04T19:34:21 IST" duration-ms="373" status="PASS">
          <reporter-output>
          </reporter-output>
        </test-method> <!-- closeBrowser -->
        <test-method is-config="true" signature="browserLaunchAndUrlLoad(java.lang.String,java.lang.String)[pri:0, instance:tests.TC_002_LoginTest@145f66e3]" started-at="2025-06-04T19:34:21 IST" name="browserLaunchAndUrlLoad" finished-at="2025-06-04T19:34:28 IST" duration-ms="6773" status="PASS">
          <params>
            <param index="0">
              <value>
                <![CDATA[chrome]]>
              </value>
            </param>
            <param index="1">
              <value>
                <![CDATA[https://demowebshop.tricentis.com/]]>
              </value>
            </param>
          </params>
          <reporter-output>
          </reporter-output>
        </test-method> <!-- browserLaunchAndUrlLoad -->
        <test-method signature="loginTest(java.lang.String,java.lang.String,java.lang.String,java.lang.String)[pri:0, instance:tests.TC_002_LoginTest@145f66e3]" started-at="2025-06-04T19:34:28 IST" name="loginTest" data-provider="readData" finished-at="2025-06-04T19:34:30 IST" duration-ms="2053" status="PASS">
          <params>
            <param index="0">
              <value>
                <![CDATA[testdemouser790@gmail.com]]>
              </value>
            </param>
            <param index="1">
              <value>
                <![CDATA[demouser126]]>
              </value>
            </param>
            <param index="2">
              <value>
                <![CDATA[No customer account found]]>
              </value>
            </param>
            <param index="3">
              <value>
                <![CDATA[InvalidEmailInvalidPassword]]>
              </value>
            </param>
          </params>
          <reporter-output>
          </reporter-output>
        </test-method> <!-- loginTest -->
        <test-method is-config="true" signature="closeBrowser()[pri:0, instance:tests.TC_002_LoginTest@145f66e3]" started-at="2025-06-04T19:34:30 IST" name="closeBrowser" finished-at="2025-06-04T19:34:30 IST" duration-ms="531" status="PASS">
          <reporter-output>
          </reporter-output>
        </test-method> <!-- closeBrowser -->
        <test-method is-config="true" signature="closeReport()[pri:0, instance:tests.TC_002_LoginTest@145f66e3]" started-at="2025-06-04T19:34:30 IST" name="closeReport" finished-at="2025-06-04T19:34:31 IST" duration-ms="1032" status="PASS">
          <reporter-output>
          </reporter-output>
        </test-method> <!-- closeReport -->
      </class> <!-- tests.TC_002_LoginTest -->
    </test> <!-- EdgeTest -->
  </suite> <!-- Suite -->
</testng-results>
