<?xml version="1.0" encoding="UTF-8"?>
<testng-results ignored="0" total="4" passed="4" failed="0" skipped="0">
  <reporter-output>
  </reporter-output>
  <suite started-at="2025-06-03T20:56:21 IST" name="Suite" finished-at="2025-06-03T20:57:02 IST" duration-ms="40778">
    <groups>
    </groups>
    <test started-at="2025-06-03T20:56:21 IST" name="ChromeTest" finished-at="2025-06-03T20:56:21 IST" duration-ms="25">
    </test> <!-- ChromeTest -->
    <test started-at="2025-06-03T20:56:21 IST" name="EdgeTest" finished-at="2025-06-03T20:57:02 IST" duration-ms="40692">
      <class name="tests.TC_002_LoginTest">
        <test-method is-config="true" signature="createReport()[pri:0, instance:tests.TC_002_LoginTest@37ceb1df]" started-at="2025-06-03T20:56:20 IST" name="createReport" finished-at="2025-06-03T20:56:21 IST" duration-ms="629" status="PASS">
          <reporter-output>
          </reporter-output>
        </test-method> <!-- createReport -->
        <test-method is-config="true" signature="setup()[pri:0, instance:tests.TC_002_LoginTest@37ceb1df]" started-at="2025-06-03T20:56:21 IST" name="setup" finished-at="2025-06-03T20:56:21 IST" duration-ms="3" status="PASS">
          <reporter-output>
          </reporter-output>
        </test-method> <!-- setup -->
        <test-method is-config="true" signature="testDeatils()[pri:0, instance:tests.TC_002_LoginTest@37ceb1df]" started-at="2025-06-03T20:56:21 IST" name="testDeatils" finished-at="2025-06-03T20:56:21 IST" duration-ms="16" status="PASS">
          <reporter-output>
          </reporter-output>
        </test-method> <!-- testDeatils -->
        <test-method is-config="true" signature="browserLaunchAndUrlLoad(java.lang.String,java.lang.String)[pri:0, instance:tests.TC_002_LoginTest@37ceb1df]" started-at="2025-06-03T20:56:23 IST" name="browserLaunchAndUrlLoad" finished-at="2025-06-03T20:56:31 IST" duration-ms="7681" status="PASS">
          <params>
            <param index="0">
              <value>
                <![CDATA[chrome]]>
              </value>
            </param>
            <param index="1">
              <value>
                <![CDATA[https://demowebshop.tricentis.com/]]>
              </value>
            </param>
          </params>
          <reporter-output>
          </reporter-output>
        </test-method> <!-- browserLaunchAndUrlLoad -->
        <test-method signature="loginTest(java.lang.String,java.lang.String,java.lang.String,java.lang.String)[pri:0, instance:tests.TC_002_LoginTest@37ceb1df]" started-at="2025-06-03T20:56:31 IST" name="loginTest" data-provider="readData" finished-at="2025-06-03T20:56:33 IST" duration-ms="2842" status="PASS">
          <params>
            <param index="0">
              <value>
                <![CDATA[testdemouser789@gmail.com]]>
              </value>
            </param>
            <param index="1">
              <value>
                <![CDATA[demouser123]]>
              </value>
            </param>
            <param index="2">
              <value>
                <![CDATA[testdemouser789@gmail.com]]>
              </value>
            </param>
            <param index="3">
              <value>
                <![CDATA[ValidEmailValidPassword]]>
              </value>
            </param>
          </params>
          <reporter-output>
          </reporter-output>
        </test-method> <!-- loginTest -->
        <test-method is-config="true" signature="closeBrowser()[pri:0, instance:tests.TC_002_LoginTest@37ceb1df]" started-at="2025-06-03T20:56:34 IST" name="closeBrowser" finished-at="2025-06-03T20:56:34 IST" duration-ms="381" status="PASS">
          <reporter-output>
          </reporter-output>
        </test-method> <!-- closeBrowser -->
        <test-method is-config="true" signature="browserLaunchAndUrlLoad(java.lang.String,java.lang.String)[pri:0, instance:tests.TC_002_LoginTest@37ceb1df]" started-at="2025-06-03T20:56:34 IST" name="browserLaunchAndUrlLoad" finished-at="2025-06-03T20:56:40 IST" duration-ms="6286" status="PASS">
          <params>
            <param index="0">
              <value>
                <![CDATA[chrome]]>
              </value>
            </param>
            <param index="1">
              <value>
                <![CDATA[https://demowebshop.tricentis.com/]]>
              </value>
            </param>
          </params>
          <reporter-output>
          </reporter-output>
        </test-method> <!-- browserLaunchAndUrlLoad -->
        <test-method signature="loginTest(java.lang.String,java.lang.String,java.lang.String,java.lang.String)[pri:0, instance:tests.TC_002_LoginTest@37ceb1df]" started-at="2025-06-03T20:56:40 IST" name="loginTest" data-provider="readData" finished-at="2025-06-03T20:56:42 IST" duration-ms="2069" status="PASS">
          <params>
            <param index="0">
              <value>
                <![CDATA[testdemouser790@gmail.com]]>
              </value>
            </param>
            <param index="1">
              <value>
                <![CDATA[demouser123]]>
              </value>
            </param>
            <param index="2">
              <value>
                <![CDATA[No customer account found]]>
              </value>
            </param>
            <param index="3">
              <value>
                <![CDATA[InvalidEmailValidPassword]]>
              </value>
            </param>
          </params>
          <reporter-output>
          </reporter-output>
        </test-method> <!-- loginTest -->
        <test-method is-config="true" signature="closeBrowser()[pri:0, instance:tests.TC_002_LoginTest@37ceb1df]" started-at="2025-06-03T20:56:43 IST" name="closeBrowser" finished-at="2025-06-03T20:56:43 IST" duration-ms="298" status="PASS">
          <reporter-output>
          </reporter-output>
        </test-method> <!-- closeBrowser -->
        <test-method is-config="true" signature="browserLaunchAndUrlLoad(java.lang.String,java.lang.String)[pri:0, instance:tests.TC_002_LoginTest@37ceb1df]" started-at="2025-06-03T20:56:43 IST" name="browserLaunchAndUrlLoad" finished-at="2025-06-03T20:56:50 IST" duration-ms="6618" status="PASS">
          <params>
            <param index="0">
              <value>
                <![CDATA[chrome]]>
              </value>
            </param>
            <param index="1">
              <value>
                <![CDATA[https://demowebshop.tricentis.com/]]>
              </value>
            </param>
          </params>
          <reporter-output>
          </reporter-output>
        </test-method> <!-- browserLaunchAndUrlLoad -->
        <test-method signature="loginTest(java.lang.String,java.lang.String,java.lang.String,java.lang.String)[pri:0, instance:tests.TC_002_LoginTest@37ceb1df]" started-at="2025-06-03T20:56:50 IST" name="loginTest" data-provider="readData" finished-at="2025-06-03T20:56:52 IST" duration-ms="2216" status="PASS">
          <params>
            <param index="0">
              <value>
                <![CDATA[testdemouser789@gmail.com]]>
              </value>
            </param>
            <param index="1">
              <value>
                <![CDATA[demouser125]]>
              </value>
            </param>
            <param index="2">
              <value>
                <![CDATA[The credentials provided are incorrect]]>
              </value>
            </param>
            <param index="3">
              <value>
                <![CDATA[ValidEmailInvalidPassword]]>
              </value>
            </param>
          </params>
          <reporter-output>
          </reporter-output>
        </test-method> <!-- loginTest -->
        <test-method is-config="true" signature="closeBrowser()[pri:0, instance:tests.TC_002_LoginTest@37ceb1df]" started-at="2025-06-03T20:56:52 IST" name="closeBrowser" finished-at="2025-06-03T20:56:52 IST" duration-ms="312" status="PASS">
          <reporter-output>
          </reporter-output>
        </test-method> <!-- closeBrowser -->
        <test-method is-config="true" signature="browserLaunchAndUrlLoad(java.lang.String,java.lang.String)[pri:0, instance:tests.TC_002_LoginTest@37ceb1df]" started-at="2025-06-03T20:56:52 IST" name="browserLaunchAndUrlLoad" finished-at="2025-06-03T20:56:59 IST" duration-ms="6328" status="PASS">
          <params>
            <param index="0">
              <value>
                <![CDATA[chrome]]>
              </value>
            </param>
            <param index="1">
              <value>
                <![CDATA[https://demowebshop.tricentis.com/]]>
              </value>
            </param>
          </params>
          <reporter-output>
          </reporter-output>
        </test-method> <!-- browserLaunchAndUrlLoad -->
        <test-method signature="loginTest(java.lang.String,java.lang.String,java.lang.String,java.lang.String)[pri:0, instance:tests.TC_002_LoginTest@37ceb1df]" started-at="2025-06-03T20:56:59 IST" name="loginTest" data-provider="readData" finished-at="2025-06-03T20:57:01 IST" duration-ms="2292" status="PASS">
          <params>
            <param index="0">
              <value>
                <![CDATA[testdemouser790@gmail.com]]>
              </value>
            </param>
            <param index="1">
              <value>
                <![CDATA[demouser126]]>
              </value>
            </param>
            <param index="2">
              <value>
                <![CDATA[No customer account found]]>
              </value>
            </param>
            <param index="3">
              <value>
                <![CDATA[InvalidEmailInvalidPassword]]>
              </value>
            </param>
          </params>
          <reporter-output>
          </reporter-output>
        </test-method> <!-- loginTest -->
        <test-method is-config="true" signature="closeBrowser()[pri:0, instance:tests.TC_002_LoginTest@37ceb1df]" started-at="2025-06-03T20:57:01 IST" name="closeBrowser" finished-at="2025-06-03T20:57:02 IST" duration-ms="402" status="PASS">
          <reporter-output>
          </reporter-output>
        </test-method> <!-- closeBrowser -->
        <test-method is-config="true" signature="closeReport()[pri:0, instance:tests.TC_002_LoginTest@37ceb1df]" started-at="2025-06-03T20:57:02 IST" name="closeReport" finished-at="2025-06-03T20:57:02 IST" duration-ms="789" status="PASS">
          <reporter-output>
          </reporter-output>
        </test-method> <!-- closeReport -->
      </class> <!-- tests.TC_002_LoginTest -->
    </test> <!-- EdgeTest -->
  </suite> <!-- Suite -->
</testng-results>
